<?xml version="1.0" encoding="UTF-8"?>
<!-- Generated by org.testng.reporters.JUnitReportReporter -->
<testsuite hostname="LTIN255593" failures="0" tests="2" name="Test_Cases.TS_02_HotelAdultCount" time="25.828" errors="0" timestamp="2024-03-25T19:39:15 IST" skipped="0">
  <testcase classname="Test_Cases.TS_02_HotelAdultCount" name="noOfAdults" time="12.821"/>
  <testcase classname="Test_Cases.TS_02_HotelAdultCount" name="noOfAdults" time="13.007"/>
</testsuite> <!-- Test_Cases.TS_02_HotelAdultCount -->
