<?xml version="1.0" encoding="UTF-8"?>
<!-- Generated by org.testng.reporters.JUnitReportReporter -->
<testsuite hostname="LTIN255593" failures="0" tests="8" name="Test_Cases.TS_03_GiftCard" time="87.849" errors="0" timestamp="2024-03-25T19:39:15 IST" skipped="0">
  <testcase classname="Test_Cases.TS_03_GiftCard" name="switchFrame" time="10.403"/>
  <testcase classname="Test_Cases.TS_03_GiftCard" name="switchFrame" time="11.418"/>
  <testcase classname="Test_Cases.TS_03_GiftCard" name="selectingGiftCard" time="11.888"/>
  <testcase classname="Test_Cases.TS_03_GiftCard" name="selectingGiftCard" time="11.138"/>
  <testcase classname="Test_Cases.TS_03_GiftCard" name="insertingData" time="12.919"/>
  <testcase classname="Test_Cases.TS_03_GiftCard" name="insertingData" time="12.749"/>
  <testcase classname="Test_Cases.TS_03_GiftCard" name="cpaturingErrorMessage" time="6.794"/>
  <testcase classname="Test_Cases.TS_03_GiftCard" name="cpaturingErrorMessage" time="10.540"/>
</testsuite> <!-- Test_Cases.TS_03_GiftCard -->
