<?xml version="1.0" encoding="UTF-8"?>
<!-- Generated by org.testng.reporters.JUnitReportReporter -->
<testsuite hostname="LTIN255593" failures="0" tests="6" name="Test_Cases.TS_01_CabBooking" time="191.968" errors="0" timestamp="2024-03-25T19:39:15 IST" skipped="0">
  <testcase classname="Test_Cases.TS_01_CabBooking" name="fillingDetails" time="34.129"/>
  <testcase classname="Test_Cases.TS_01_CabBooking" name="fillingDetails" time="35.680"/>
  <testcase classname="Test_Cases.TS_01_CabBooking" name="fillingDetails" time="25.521"/>
  <testcase classname="Test_Cases.TS_01_CabBooking" name="fillingDetails" time="29.794"/>
  <testcase classname="Test_Cases.TS_01_CabBooking" name="fillingDetails" time="32.764"/>
  <testcase classname="Test_Cases.TS_01_CabBooking" name="fillingDetails" time="34.080"/>
</testsuite> <!-- Test_Cases.TS_01_CabBooking -->
